2023-09-13 16:05:22 [scrapy.utils.log] INFO: Scrapy 2.8.0 started (bot: video_crawl)
2023-09-13 16:05:22 [scrapy.utils.log] INFO: Versions: lxml 4.9.1.0, libxml2 2.9.14, cssselect 1.1.0, parsel 1.6.0, w3lib 1.21.0, Twisted 22.2.0, Python 3.10.9 (main, Mar  1 2023, 12:33:47) [Clang 14.0.6 ], pyOpenSSL 23.0.0 (OpenSSL 1.1.1t  7 Feb 2023), cryptography 39.0.1, Platform macOS-10.16-x86_64-i386-64bit
2023-09-13 16:05:22 [scrapy.crawler] INFO: Overridden settings:
{'BOT_NAME': 'video_crawl',
 'FEED_EXPORT_ENCODING': 'utf-8',
 'LOG_FILE': 'wiki.log',
 'LOG_LEVEL': 'INFO',
 'NEWSPIDER_MODULE': 'video_crawl.spiders',
 'REQUEST_FINGERPRINTER_IMPLEMENTATION': '2.7',
 'ROBOTSTXT_OBEY': True,
 'SPIDER_MODULES': ['video_crawl.spiders'],
 'TWISTED_REACTOR': 'twisted.internet.asyncioreactor.AsyncioSelectorReactor'}
2023-09-13 16:05:22 [scrapy.extensions.telnet] INFO: Telnet Password: f57e2cb066dec865
2023-09-13 16:05:22 [scrapy.middleware] INFO: Enabled extensions:
['scrapy.extensions.corestats.CoreStats',
 'scrapy.extensions.telnet.TelnetConsole',
 'scrapy.extensions.memusage.MemoryUsage',
 'scrapy.extensions.logstats.LogStats']
2023-09-13 16:05:23 [scrapy.middleware] INFO: Enabled downloader middlewares:
['scrapy.downloadermiddlewares.robotstxt.RobotsTxtMiddleware',
 'scrapy.downloadermiddlewares.httpauth.HttpAuthMiddleware',
 'scrapy.downloadermiddlewares.downloadtimeout.DownloadTimeoutMiddleware',
 'scrapy.downloadermiddlewares.defaultheaders.DefaultHeadersMiddleware',
 'scrapy.downloadermiddlewares.useragent.UserAgentMiddleware',
 'scrapy.downloadermiddlewares.retry.RetryMiddleware',
 'scrapy.downloadermiddlewares.redirect.MetaRefreshMiddleware',
 'scrapy.downloadermiddlewares.httpcompression.HttpCompressionMiddleware',
 'scrapy.downloadermiddlewares.redirect.RedirectMiddleware',
 'scrapy.downloadermiddlewares.cookies.CookiesMiddleware',
 'scrapy.downloadermiddlewares.httpproxy.HttpProxyMiddleware',
 'scrapy.downloadermiddlewares.stats.DownloaderStats']
2023-09-13 16:05:23 [scrapy.middleware] INFO: Enabled spider middlewares:
['scrapy.spidermiddlewares.httperror.HttpErrorMiddleware',
 'scrapy.spidermiddlewares.offsite.OffsiteMiddleware',
 'scrapy.spidermiddlewares.referer.RefererMiddleware',
 'scrapy.spidermiddlewares.urllength.UrlLengthMiddleware',
 'scrapy.spidermiddlewares.depth.DepthMiddleware']
2023-09-13 16:05:23 [scrapy.middleware] INFO: Enabled item pipelines:
['video_crawl.pipelines.VideoCrawlPipeline']
2023-09-13 16:05:23 [twisted] CRITICAL: Unhandled error in Deferred:
2023-09-13 16:05:23 [twisted] CRITICAL: 
Traceback (most recent call last):
  File "/Users/lam.le2/anaconda3/lib/python3.10/site-packages/twisted/internet/defer.py", line 1660, in _inlineCallbacks
    result = current_context.run(gen.send, result)
  File "/Users/lam.le2/anaconda3/lib/python3.10/site-packages/scrapy/crawler.py", line 123, in crawl
    start_requests = iter(self.spider.start_requests())
TypeError: 'Request' object is not iterable
2023-09-13 16:06:07 [scrapy.utils.log] INFO: Scrapy 2.8.0 started (bot: video_crawl)
2023-09-13 16:06:07 [scrapy.utils.log] INFO: Versions: lxml 4.9.1.0, libxml2 2.9.14, cssselect 1.1.0, parsel 1.6.0, w3lib 1.21.0, Twisted 22.2.0, Python 3.10.9 (main, Mar  1 2023, 12:33:47) [Clang 14.0.6 ], pyOpenSSL 23.0.0 (OpenSSL 1.1.1t  7 Feb 2023), cryptography 39.0.1, Platform macOS-10.16-x86_64-i386-64bit
2023-09-13 16:06:07 [scrapy.crawler] INFO: Overridden settings:
{'BOT_NAME': 'video_crawl',
 'FEED_EXPORT_ENCODING': 'utf-8',
 'LOG_FILE': 'wiki.log',
 'LOG_LEVEL': 'INFO',
 'NEWSPIDER_MODULE': 'video_crawl.spiders',
 'REQUEST_FINGERPRINTER_IMPLEMENTATION': '2.7',
 'ROBOTSTXT_OBEY': True,
 'SPIDER_MODULES': ['video_crawl.spiders'],
 'TWISTED_REACTOR': 'twisted.internet.asyncioreactor.AsyncioSelectorReactor'}
2023-09-13 16:06:07 [scrapy.extensions.telnet] INFO: Telnet Password: 3b4e73833f1d4563
2023-09-13 16:06:07 [scrapy.middleware] INFO: Enabled extensions:
['scrapy.extensions.corestats.CoreStats',
 'scrapy.extensions.telnet.TelnetConsole',
 'scrapy.extensions.memusage.MemoryUsage',
 'scrapy.extensions.logstats.LogStats']
2023-09-13 16:06:08 [scrapy.middleware] INFO: Enabled downloader middlewares:
['scrapy.downloadermiddlewares.robotstxt.RobotsTxtMiddleware',
 'scrapy.downloadermiddlewares.httpauth.HttpAuthMiddleware',
 'scrapy.downloadermiddlewares.downloadtimeout.DownloadTimeoutMiddleware',
 'scrapy.downloadermiddlewares.defaultheaders.DefaultHeadersMiddleware',
 'scrapy.downloadermiddlewares.useragent.UserAgentMiddleware',
 'scrapy.downloadermiddlewares.retry.RetryMiddleware',
 'scrapy.downloadermiddlewares.redirect.MetaRefreshMiddleware',
 'scrapy.downloadermiddlewares.httpcompression.HttpCompressionMiddleware',
 'scrapy.downloadermiddlewares.redirect.RedirectMiddleware',
 'scrapy.downloadermiddlewares.cookies.CookiesMiddleware',
 'scrapy.downloadermiddlewares.httpproxy.HttpProxyMiddleware',
 'scrapy.downloadermiddlewares.stats.DownloaderStats']
2023-09-13 16:06:08 [scrapy.middleware] INFO: Enabled spider middlewares:
['scrapy.spidermiddlewares.httperror.HttpErrorMiddleware',
 'scrapy.spidermiddlewares.offsite.OffsiteMiddleware',
 'scrapy.spidermiddlewares.referer.RefererMiddleware',
 'scrapy.spidermiddlewares.urllength.UrlLengthMiddleware',
 'scrapy.spidermiddlewares.depth.DepthMiddleware']
2023-09-13 16:06:08 [scrapy.middleware] INFO: Enabled item pipelines:
['video_crawl.pipelines.VideoCrawlPipeline']
2023-09-13 16:06:08 [scrapy.core.engine] INFO: Spider opened
2023-09-13 16:06:08 [scrapy.extensions.logstats] INFO: Crawled 0 pages (at 0 pages/min), scraped 0 items (at 0 items/min)
2023-09-13 16:06:08 [scrapy.extensions.telnet] INFO: Telnet console listening on 127.0.0.1:6023
2023-09-13 16:06:09 [scrapy.core.engine] INFO: Closing spider (finished)
2023-09-13 16:06:09 [scrapy.statscollectors] INFO: Dumping Scrapy stats:
{'downloader/request_bytes': 522,
 'downloader/request_count': 2,
 'downloader/request_method_count/GET': 2,
 'downloader/response_bytes': 56626,
 'downloader/response_count': 2,
 'downloader/response_status_count/200': 2,
 'elapsed_time_seconds': 1.228893,
 'finish_reason': 'finished',
 'finish_time': datetime.datetime(2023, 9, 13, 9, 6, 9, 452307),
 'httpcompression/response_bytes': 191032,
 'httpcompression/response_count': 2,
 'log_count/INFO': 10,
 'memusage/max': 57565184,
 'memusage/startup': 57565184,
 'response_received_count': 2,
 'robotstxt/request_count': 1,
 'robotstxt/response_count': 1,
 'robotstxt/response_status_count/200': 1,
 'scheduler/dequeued': 1,
 'scheduler/dequeued/memory': 1,
 'scheduler/enqueued': 1,
 'scheduler/enqueued/memory': 1,
 'start_time': datetime.datetime(2023, 9, 13, 9, 6, 8, 223414)}
2023-09-13 16:06:09 [scrapy.core.engine] INFO: Spider closed (finished)
2023-09-13 16:07:15 [scrapy.utils.log] INFO: Scrapy 2.8.0 started (bot: video_crawl)
2023-09-13 16:07:15 [scrapy.utils.log] INFO: Versions: lxml 4.9.1.0, libxml2 2.9.14, cssselect 1.1.0, parsel 1.6.0, w3lib 1.21.0, Twisted 22.2.0, Python 3.10.9 (main, Mar  1 2023, 12:33:47) [Clang 14.0.6 ], pyOpenSSL 23.0.0 (OpenSSL 1.1.1t  7 Feb 2023), cryptography 39.0.1, Platform macOS-10.16-x86_64-i386-64bit
2023-09-13 16:07:15 [scrapy.crawler] INFO: Overridden settings:
{'BOT_NAME': 'video_crawl',
 'FEED_EXPORT_ENCODING': 'utf-8',
 'LOG_FILE': 'wiki.log',
 'LOG_LEVEL': 'INFO',
 'NEWSPIDER_MODULE': 'video_crawl.spiders',
 'REQUEST_FINGERPRINTER_IMPLEMENTATION': '2.7',
 'ROBOTSTXT_OBEY': True,
 'SPIDER_MODULES': ['video_crawl.spiders'],
 'TWISTED_REACTOR': 'twisted.internet.asyncioreactor.AsyncioSelectorReactor'}
2023-09-13 16:07:15 [scrapy.extensions.telnet] INFO: Telnet Password: e9cae9293b67ba8d
2023-09-13 16:07:15 [scrapy.middleware] INFO: Enabled extensions:
['scrapy.extensions.corestats.CoreStats',
 'scrapy.extensions.telnet.TelnetConsole',
 'scrapy.extensions.memusage.MemoryUsage',
 'scrapy.extensions.logstats.LogStats']
2023-09-13 16:07:15 [scrapy.middleware] INFO: Enabled downloader middlewares:
['scrapy.downloadermiddlewares.robotstxt.RobotsTxtMiddleware',
 'scrapy.downloadermiddlewares.httpauth.HttpAuthMiddleware',
 'scrapy.downloadermiddlewares.downloadtimeout.DownloadTimeoutMiddleware',
 'scrapy.downloadermiddlewares.defaultheaders.DefaultHeadersMiddleware',
 'scrapy.downloadermiddlewares.useragent.UserAgentMiddleware',
 'scrapy.downloadermiddlewares.retry.RetryMiddleware',
 'scrapy.downloadermiddlewares.redirect.MetaRefreshMiddleware',
 'scrapy.downloadermiddlewares.httpcompression.HttpCompressionMiddleware',
 'scrapy.downloadermiddlewares.redirect.RedirectMiddleware',
 'scrapy.downloadermiddlewares.cookies.CookiesMiddleware',
 'scrapy.downloadermiddlewares.httpproxy.HttpProxyMiddleware',
 'scrapy.downloadermiddlewares.stats.DownloaderStats']
2023-09-13 16:07:15 [scrapy.middleware] INFO: Enabled spider middlewares:
['scrapy.spidermiddlewares.httperror.HttpErrorMiddleware',
 'scrapy.spidermiddlewares.offsite.OffsiteMiddleware',
 'scrapy.spidermiddlewares.referer.RefererMiddleware',
 'scrapy.spidermiddlewares.urllength.UrlLengthMiddleware',
 'scrapy.spidermiddlewares.depth.DepthMiddleware']
2023-09-13 16:07:15 [scrapy.middleware] INFO: Enabled item pipelines:
['video_crawl.pipelines.VideoCrawlPipeline']
2023-09-13 16:07:15 [scrapy.core.engine] INFO: Spider opened
2023-09-13 16:07:16 [scrapy.extensions.logstats] INFO: Crawled 0 pages (at 0 pages/min), scraped 0 items (at 0 items/min)
2023-09-13 16:07:16 [scrapy.extensions.telnet] INFO: Telnet console listening on 127.0.0.1:6023
2023-09-13 16:07:16 [scrapy.core.engine] INFO: Closing spider (finished)
2023-09-13 16:07:16 [scrapy.statscollectors] INFO: Dumping Scrapy stats:
{'downloader/request_bytes': 486,
 'downloader/request_count': 2,
 'downloader/request_method_count/GET': 2,
 'downloader/response_bytes': 55880,
 'downloader/response_count': 2,
 'downloader/response_status_count/200': 2,
 'elapsed_time_seconds': 0.830272,
 'finish_reason': 'finished',
 'finish_time': datetime.datetime(2023, 9, 13, 9, 7, 16, 880894),
 'httpcompression/response_bytes': 184019,
 'httpcompression/response_count': 2,
 'log_count/INFO': 10,
 'memusage/max': 57602048,
 'memusage/startup': 57602048,
 'response_received_count': 2,
 'robotstxt/request_count': 1,
 'robotstxt/response_count': 1,
 'robotstxt/response_status_count/200': 1,
 'scheduler/dequeued': 1,
 'scheduler/dequeued/memory': 1,
 'scheduler/enqueued': 1,
 'scheduler/enqueued/memory': 1,
 'start_time': datetime.datetime(2023, 9, 13, 9, 7, 16, 50622)}
2023-09-13 16:07:16 [scrapy.core.engine] INFO: Spider closed (finished)
2023-09-13 16:07:38 [scrapy.utils.log] INFO: Scrapy 2.8.0 started (bot: video_crawl)
2023-09-13 16:07:38 [scrapy.utils.log] INFO: Versions: lxml 4.9.1.0, libxml2 2.9.14, cssselect 1.1.0, parsel 1.6.0, w3lib 1.21.0, Twisted 22.2.0, Python 3.10.9 (main, Mar  1 2023, 12:33:47) [Clang 14.0.6 ], pyOpenSSL 23.0.0 (OpenSSL 1.1.1t  7 Feb 2023), cryptography 39.0.1, Platform macOS-10.16-x86_64-i386-64bit
2023-09-13 16:07:38 [scrapy.crawler] INFO: Overridden settings:
{'BOT_NAME': 'video_crawl',
 'FEED_EXPORT_ENCODING': 'utf-8',
 'LOG_FILE': 'wiki.log',
 'LOG_LEVEL': 'INFO',
 'NEWSPIDER_MODULE': 'video_crawl.spiders',
 'REQUEST_FINGERPRINTER_IMPLEMENTATION': '2.7',
 'ROBOTSTXT_OBEY': True,
 'SPIDER_MODULES': ['video_crawl.spiders'],
 'TWISTED_REACTOR': 'twisted.internet.asyncioreactor.AsyncioSelectorReactor'}
2023-09-13 16:07:38 [scrapy.extensions.telnet] INFO: Telnet Password: 67ea21c5a2b94414
2023-09-13 16:07:38 [scrapy.middleware] INFO: Enabled extensions:
['scrapy.extensions.corestats.CoreStats',
 'scrapy.extensions.telnet.TelnetConsole',
 'scrapy.extensions.memusage.MemoryUsage',
 'scrapy.extensions.logstats.LogStats']
2023-09-13 16:07:38 [scrapy.middleware] INFO: Enabled downloader middlewares:
['scrapy.downloadermiddlewares.robotstxt.RobotsTxtMiddleware',
 'scrapy.downloadermiddlewares.httpauth.HttpAuthMiddleware',
 'scrapy.downloadermiddlewares.downloadtimeout.DownloadTimeoutMiddleware',
 'scrapy.downloadermiddlewares.defaultheaders.DefaultHeadersMiddleware',
 'scrapy.downloadermiddlewares.useragent.UserAgentMiddleware',
 'scrapy.downloadermiddlewares.retry.RetryMiddleware',
 'scrapy.downloadermiddlewares.redirect.MetaRefreshMiddleware',
 'scrapy.downloadermiddlewares.httpcompression.HttpCompressionMiddleware',
 'scrapy.downloadermiddlewares.redirect.RedirectMiddleware',
 'scrapy.downloadermiddlewares.cookies.CookiesMiddleware',
 'scrapy.downloadermiddlewares.httpproxy.HttpProxyMiddleware',
 'scrapy.downloadermiddlewares.stats.DownloaderStats']
2023-09-13 16:07:38 [scrapy.middleware] INFO: Enabled spider middlewares:
['scrapy.spidermiddlewares.httperror.HttpErrorMiddleware',
 'scrapy.spidermiddlewares.offsite.OffsiteMiddleware',
 'scrapy.spidermiddlewares.referer.RefererMiddleware',
 'scrapy.spidermiddlewares.urllength.UrlLengthMiddleware',
 'scrapy.spidermiddlewares.depth.DepthMiddleware']
2023-09-13 16:07:38 [scrapy.middleware] INFO: Enabled item pipelines:
['video_crawl.pipelines.VideoCrawlPipeline']
2023-09-13 16:07:38 [scrapy.core.engine] INFO: Spider opened
2023-09-13 16:07:39 [scrapy.extensions.logstats] INFO: Crawled 0 pages (at 0 pages/min), scraped 0 items (at 0 items/min)
2023-09-13 16:07:39 [scrapy.extensions.telnet] INFO: Telnet console listening on 127.0.0.1:6023
2023-09-13 16:07:39 [scrapy.core.scraper] ERROR: Spider error processing <GET https://www.tiktok.com/search?q=Elon+Musk+Interview> (referer: None)
Traceback (most recent call last):
  File "/Users/lam.le2/anaconda3/lib/python3.10/site-packages/twisted/internet/defer.py", line 857, in _runCallbacks
    current.result = callback(  # type: ignore[misc]
  File "/Users/lam.le2/Desktop/deepfake_detection/crawl/video_crawl/video_crawl/spiders/tiktok.py", line 29, in parse
    print(response.video)
AttributeError: 'HtmlResponse' object has no attribute 'video'
2023-09-13 16:07:40 [scrapy.core.engine] INFO: Closing spider (finished)
2023-09-13 16:07:40 [scrapy.statscollectors] INFO: Dumping Scrapy stats:
{'downloader/request_bytes': 486,
 'downloader/request_count': 2,
 'downloader/request_method_count/GET': 2,
 'downloader/response_bytes': 58179,
 'downloader/response_count': 2,
 'downloader/response_status_count/200': 2,
 'elapsed_time_seconds': 0.959844,
 'finish_reason': 'finished',
 'finish_time': datetime.datetime(2023, 9, 13, 9, 7, 40, 17374),
 'httpcompression/response_bytes': 193476,
 'httpcompression/response_count': 2,
 'log_count/ERROR': 1,
 'log_count/INFO': 10,
 'memusage/max': 57585664,
 'memusage/startup': 57585664,
 'response_received_count': 2,
 'robotstxt/request_count': 1,
 'robotstxt/response_count': 1,
 'robotstxt/response_status_count/200': 1,
 'scheduler/dequeued': 1,
 'scheduler/dequeued/memory': 1,
 'scheduler/enqueued': 1,
 'scheduler/enqueued/memory': 1,
 'spider_exceptions/AttributeError': 1,
 'start_time': datetime.datetime(2023, 9, 13, 9, 7, 39, 57530)}
2023-09-13 16:07:40 [scrapy.core.engine] INFO: Spider closed (finished)
2023-09-13 16:11:02 [scrapy.utils.log] INFO: Scrapy 2.8.0 started (bot: video_crawl)
2023-09-13 16:11:02 [scrapy.utils.log] INFO: Versions: lxml 4.9.1.0, libxml2 2.9.14, cssselect 1.1.0, parsel 1.6.0, w3lib 1.21.0, Twisted 22.2.0, Python 3.10.9 (main, Mar  1 2023, 12:33:47) [Clang 14.0.6 ], pyOpenSSL 23.0.0 (OpenSSL 1.1.1t  7 Feb 2023), cryptography 39.0.1, Platform macOS-10.16-x86_64-i386-64bit
2023-09-13 16:11:02 [scrapy.crawler] INFO: Overridden settings:
{'BOT_NAME': 'video_crawl',
 'FEED_EXPORT_ENCODING': 'utf-8',
 'LOG_FILE': 'wiki.log',
 'LOG_LEVEL': 'INFO',
 'NEWSPIDER_MODULE': 'video_crawl.spiders',
 'REQUEST_FINGERPRINTER_IMPLEMENTATION': '2.7',
 'ROBOTSTXT_OBEY': True,
 'SPIDER_MODULES': ['video_crawl.spiders'],
 'TWISTED_REACTOR': 'twisted.internet.asyncioreactor.AsyncioSelectorReactor'}
2023-09-13 16:11:02 [scrapy.extensions.telnet] INFO: Telnet Password: d43e5ab762a1b43f
2023-09-13 16:11:02 [scrapy.middleware] INFO: Enabled extensions:
['scrapy.extensions.corestats.CoreStats',
 'scrapy.extensions.telnet.TelnetConsole',
 'scrapy.extensions.memusage.MemoryUsage',
 'scrapy.extensions.logstats.LogStats']
2023-09-13 16:11:02 [scrapy.middleware] INFO: Enabled downloader middlewares:
['scrapy.downloadermiddlewares.robotstxt.RobotsTxtMiddleware',
 'scrapy.downloadermiddlewares.httpauth.HttpAuthMiddleware',
 'scrapy.downloadermiddlewares.downloadtimeout.DownloadTimeoutMiddleware',
 'scrapy.downloadermiddlewares.defaultheaders.DefaultHeadersMiddleware',
 'scrapy.downloadermiddlewares.useragent.UserAgentMiddleware',
 'scrapy.downloadermiddlewares.retry.RetryMiddleware',
 'scrapy.downloadermiddlewares.redirect.MetaRefreshMiddleware',
 'scrapy.downloadermiddlewares.httpcompression.HttpCompressionMiddleware',
 'scrapy.downloadermiddlewares.redirect.RedirectMiddleware',
 'scrapy.downloadermiddlewares.cookies.CookiesMiddleware',
 'scrapy.downloadermiddlewares.httpproxy.HttpProxyMiddleware',
 'scrapy.downloadermiddlewares.stats.DownloaderStats']
2023-09-13 16:11:02 [scrapy.middleware] INFO: Enabled spider middlewares:
['scrapy.spidermiddlewares.httperror.HttpErrorMiddleware',
 'scrapy.spidermiddlewares.offsite.OffsiteMiddleware',
 'scrapy.spidermiddlewares.referer.RefererMiddleware',
 'scrapy.spidermiddlewares.urllength.UrlLengthMiddleware',
 'scrapy.spidermiddlewares.depth.DepthMiddleware']
2023-09-13 16:11:02 [scrapy.middleware] INFO: Enabled item pipelines:
['video_crawl.pipelines.VideoCrawlPipeline']
2023-09-13 16:11:02 [scrapy.core.engine] INFO: Spider opened
2023-09-13 16:11:03 [scrapy.extensions.logstats] INFO: Crawled 0 pages (at 0 pages/min), scraped 0 items (at 0 items/min)
2023-09-13 16:11:03 [scrapy.extensions.telnet] INFO: Telnet console listening on 127.0.0.1:6023
2023-09-13 16:11:03 [scrapy.core.engine] INFO: Closing spider (finished)
2023-09-13 16:11:03 [scrapy.statscollectors] INFO: Dumping Scrapy stats:
{'downloader/request_bytes': 486,
 'downloader/request_count': 2,
 'downloader/request_method_count/GET': 2,
 'downloader/response_bytes': 56711,
 'downloader/response_count': 2,
 'downloader/response_status_count/200': 2,
 'elapsed_time_seconds': 0.898184,
 'finish_reason': 'finished',
 'finish_time': datetime.datetime(2023, 9, 13, 9, 11, 3, 947661),
 'httpcompression/response_bytes': 190278,
 'httpcompression/response_count': 2,
 'log_count/INFO': 10,
 'memusage/max': 57589760,
 'memusage/startup': 57589760,
 'response_received_count': 2,
 'robotstxt/request_count': 1,
 'robotstxt/response_count': 1,
 'robotstxt/response_status_count/200': 1,
 'scheduler/dequeued': 1,
 'scheduler/dequeued/memory': 1,
 'scheduler/enqueued': 1,
 'scheduler/enqueued/memory': 1,
 'start_time': datetime.datetime(2023, 9, 13, 9, 11, 3, 49477)}
2023-09-13 16:11:03 [scrapy.core.engine] INFO: Spider closed (finished)
2023-09-13 16:11:58 [scrapy.utils.log] INFO: Scrapy 2.8.0 started (bot: video_crawl)
2023-09-13 16:11:58 [scrapy.utils.log] INFO: Versions: lxml 4.9.1.0, libxml2 2.9.14, cssselect 1.1.0, parsel 1.6.0, w3lib 1.21.0, Twisted 22.2.0, Python 3.10.9 (main, Mar  1 2023, 12:33:47) [Clang 14.0.6 ], pyOpenSSL 23.0.0 (OpenSSL 1.1.1t  7 Feb 2023), cryptography 39.0.1, Platform macOS-10.16-x86_64-i386-64bit
2023-09-13 16:11:58 [scrapy.crawler] INFO: Overridden settings:
{'BOT_NAME': 'video_crawl',
 'FEED_EXPORT_ENCODING': 'utf-8',
 'LOG_FILE': 'wiki.log',
 'LOG_LEVEL': 'INFO',
 'NEWSPIDER_MODULE': 'video_crawl.spiders',
 'REQUEST_FINGERPRINTER_IMPLEMENTATION': '2.7',
 'ROBOTSTXT_OBEY': True,
 'SPIDER_MODULES': ['video_crawl.spiders'],
 'TWISTED_REACTOR': 'twisted.internet.asyncioreactor.AsyncioSelectorReactor'}
2023-09-13 16:11:59 [scrapy.extensions.telnet] INFO: Telnet Password: 11cf7fd1ffd8d999
2023-09-13 16:11:59 [scrapy.middleware] INFO: Enabled extensions:
['scrapy.extensions.corestats.CoreStats',
 'scrapy.extensions.telnet.TelnetConsole',
 'scrapy.extensions.memusage.MemoryUsage',
 'scrapy.extensions.logstats.LogStats']
2023-09-13 16:11:59 [scrapy.middleware] INFO: Enabled downloader middlewares:
['scrapy.downloadermiddlewares.robotstxt.RobotsTxtMiddleware',
 'scrapy.downloadermiddlewares.httpauth.HttpAuthMiddleware',
 'scrapy.downloadermiddlewares.downloadtimeout.DownloadTimeoutMiddleware',
 'scrapy.downloadermiddlewares.defaultheaders.DefaultHeadersMiddleware',
 'scrapy.downloadermiddlewares.useragent.UserAgentMiddleware',
 'scrapy.downloadermiddlewares.retry.RetryMiddleware',
 'scrapy.downloadermiddlewares.redirect.MetaRefreshMiddleware',
 'scrapy.downloadermiddlewares.httpcompression.HttpCompressionMiddleware',
 'scrapy.downloadermiddlewares.redirect.RedirectMiddleware',
 'scrapy.downloadermiddlewares.cookies.CookiesMiddleware',
 'scrapy.downloadermiddlewares.httpproxy.HttpProxyMiddleware',
 'scrapy.downloadermiddlewares.stats.DownloaderStats']
2023-09-13 16:11:59 [scrapy.middleware] INFO: Enabled spider middlewares:
['scrapy.spidermiddlewares.httperror.HttpErrorMiddleware',
 'scrapy.spidermiddlewares.offsite.OffsiteMiddleware',
 'scrapy.spidermiddlewares.referer.RefererMiddleware',
 'scrapy.spidermiddlewares.urllength.UrlLengthMiddleware',
 'scrapy.spidermiddlewares.depth.DepthMiddleware']
2023-09-13 16:11:59 [scrapy.middleware] INFO: Enabled item pipelines:
['video_crawl.pipelines.VideoCrawlPipeline']
2023-09-13 16:11:59 [scrapy.core.engine] INFO: Spider opened
2023-09-13 16:11:59 [scrapy.extensions.logstats] INFO: Crawled 0 pages (at 0 pages/min), scraped 0 items (at 0 items/min)
2023-09-13 16:11:59 [scrapy.extensions.telnet] INFO: Telnet console listening on 127.0.0.1:6023
2023-09-13 16:12:00 [scrapy.core.engine] INFO: Closing spider (finished)
2023-09-13 16:12:00 [scrapy.statscollectors] INFO: Dumping Scrapy stats:
{'downloader/request_bytes': 486,
 'downloader/request_count': 2,
 'downloader/request_method_count/GET': 2,
 'downloader/response_bytes': 41987,
 'downloader/response_count': 2,
 'downloader/response_status_count/200': 2,
 'elapsed_time_seconds': 1.044102,
 'finish_reason': 'finished',
 'finish_time': datetime.datetime(2023, 9, 13, 9, 12, 0, 836515),
 'httpcompression/response_bytes': 112990,
 'httpcompression/response_count': 2,
 'log_count/INFO': 10,
 'memusage/max': 57552896,
 'memusage/startup': 57552896,
 'response_received_count': 2,
 'robotstxt/request_count': 1,
 'robotstxt/response_count': 1,
 'robotstxt/response_status_count/200': 1,
 'scheduler/dequeued': 1,
 'scheduler/dequeued/memory': 1,
 'scheduler/enqueued': 1,
 'scheduler/enqueued/memory': 1,
 'start_time': datetime.datetime(2023, 9, 13, 9, 11, 59, 792413)}
2023-09-13 16:12:00 [scrapy.core.engine] INFO: Spider closed (finished)
2023-09-13 16:14:03 [scrapy.utils.log] INFO: Scrapy 2.8.0 started (bot: video_crawl)
2023-09-13 16:14:03 [scrapy.utils.log] INFO: Versions: lxml 4.9.1.0, libxml2 2.9.14, cssselect 1.1.0, parsel 1.6.0, w3lib 1.21.0, Twisted 22.2.0, Python 3.10.9 (main, Mar  1 2023, 12:33:47) [Clang 14.0.6 ], pyOpenSSL 23.0.0 (OpenSSL 1.1.1t  7 Feb 2023), cryptography 39.0.1, Platform macOS-10.16-x86_64-i386-64bit
2023-09-13 16:14:03 [scrapy.crawler] INFO: Overridden settings:
{'BOT_NAME': 'video_crawl',
 'FEED_EXPORT_ENCODING': 'utf-8',
 'LOG_FILE': 'wiki.log',
 'LOG_LEVEL': 'INFO',
 'NEWSPIDER_MODULE': 'video_crawl.spiders',
 'REQUEST_FINGERPRINTER_IMPLEMENTATION': '2.7',
 'ROBOTSTXT_OBEY': True,
 'SPIDER_MODULES': ['video_crawl.spiders'],
 'TWISTED_REACTOR': 'twisted.internet.asyncioreactor.AsyncioSelectorReactor'}
2023-09-13 16:14:03 [scrapy.extensions.telnet] INFO: Telnet Password: 2fccfb8ad814aca6
2023-09-13 16:14:04 [scrapy.middleware] INFO: Enabled extensions:
['scrapy.extensions.corestats.CoreStats',
 'scrapy.extensions.telnet.TelnetConsole',
 'scrapy.extensions.memusage.MemoryUsage',
 'scrapy.extensions.logstats.LogStats']
2023-09-13 16:14:04 [scrapy.middleware] INFO: Enabled downloader middlewares:
['scrapy.downloadermiddlewares.robotstxt.RobotsTxtMiddleware',
 'scrapy.downloadermiddlewares.httpauth.HttpAuthMiddleware',
 'scrapy.downloadermiddlewares.downloadtimeout.DownloadTimeoutMiddleware',
 'scrapy.downloadermiddlewares.defaultheaders.DefaultHeadersMiddleware',
 'scrapy.downloadermiddlewares.useragent.UserAgentMiddleware',
 'scrapy.downloadermiddlewares.retry.RetryMiddleware',
 'scrapy.downloadermiddlewares.redirect.MetaRefreshMiddleware',
 'scrapy.downloadermiddlewares.httpcompression.HttpCompressionMiddleware',
 'scrapy.downloadermiddlewares.redirect.RedirectMiddleware',
 'scrapy.downloadermiddlewares.cookies.CookiesMiddleware',
 'scrapy.downloadermiddlewares.httpproxy.HttpProxyMiddleware',
 'scrapy.downloadermiddlewares.stats.DownloaderStats']
2023-09-13 16:14:04 [scrapy.middleware] INFO: Enabled spider middlewares:
['scrapy.spidermiddlewares.httperror.HttpErrorMiddleware',
 'scrapy.spidermiddlewares.offsite.OffsiteMiddleware',
 'scrapy.spidermiddlewares.referer.RefererMiddleware',
 'scrapy.spidermiddlewares.urllength.UrlLengthMiddleware',
 'scrapy.spidermiddlewares.depth.DepthMiddleware']
2023-09-13 16:14:04 [scrapy.middleware] INFO: Enabled item pipelines:
['video_crawl.pipelines.VideoCrawlPipeline']
2023-09-13 16:14:04 [scrapy.core.engine] INFO: Spider opened
2023-09-13 16:14:04 [scrapy.extensions.logstats] INFO: Crawled 0 pages (at 0 pages/min), scraped 0 items (at 0 items/min)
2023-09-13 16:14:04 [scrapy.extensions.telnet] INFO: Telnet console listening on 127.0.0.1:6023
2023-09-13 16:14:05 [scrapy.core.engine] INFO: Closing spider (finished)
2023-09-13 16:14:05 [scrapy.statscollectors] INFO: Dumping Scrapy stats:
{'downloader/request_bytes': 486,
 'downloader/request_count': 2,
 'downloader/request_method_count/GET': 2,
 'downloader/response_bytes': 57324,
 'downloader/response_count': 2,
 'downloader/response_status_count/200': 2,
 'elapsed_time_seconds': 0.950383,
 'finish_reason': 'finished',
 'finish_time': datetime.datetime(2023, 9, 13, 9, 14, 5, 635122),
 'httpcompression/response_bytes': 193626,
 'httpcompression/response_count': 2,
 'log_count/INFO': 10,
 'memusage/max': 59080704,
 'memusage/startup': 59080704,
 'response_received_count': 2,
 'robotstxt/request_count': 1,
 'robotstxt/response_count': 1,
 'robotstxt/response_status_count/200': 1,
 'scheduler/dequeued': 1,
 'scheduler/dequeued/memory': 1,
 'scheduler/enqueued': 1,
 'scheduler/enqueued/memory': 1,
 'start_time': datetime.datetime(2023, 9, 13, 9, 14, 4, 684739)}
2023-09-13 16:14:05 [scrapy.core.engine] INFO: Spider closed (finished)
2023-09-13 16:15:47 [scrapy.utils.log] INFO: Scrapy 2.8.0 started (bot: video_crawl)
2023-09-13 16:15:47 [scrapy.utils.log] INFO: Versions: lxml 4.9.1.0, libxml2 2.9.14, cssselect 1.1.0, parsel 1.6.0, w3lib 1.21.0, Twisted 22.2.0, Python 3.10.9 (main, Mar  1 2023, 12:33:47) [Clang 14.0.6 ], pyOpenSSL 23.0.0 (OpenSSL 1.1.1t  7 Feb 2023), cryptography 39.0.1, Platform macOS-10.16-x86_64-i386-64bit
2023-09-13 16:15:47 [scrapy.crawler] INFO: Overridden settings:
{'BOT_NAME': 'video_crawl',
 'FEED_EXPORT_ENCODING': 'utf-8',
 'LOG_FILE': 'wiki.log',
 'LOG_LEVEL': 'INFO',
 'NEWSPIDER_MODULE': 'video_crawl.spiders',
 'REQUEST_FINGERPRINTER_IMPLEMENTATION': '2.7',
 'ROBOTSTXT_OBEY': True,
 'SPIDER_MODULES': ['video_crawl.spiders'],
 'TWISTED_REACTOR': 'twisted.internet.asyncioreactor.AsyncioSelectorReactor'}
2023-09-13 16:15:47 [scrapy.extensions.telnet] INFO: Telnet Password: 11386c673b79e699
2023-09-13 16:15:47 [scrapy.middleware] INFO: Enabled extensions:
['scrapy.extensions.corestats.CoreStats',
 'scrapy.extensions.telnet.TelnetConsole',
 'scrapy.extensions.memusage.MemoryUsage',
 'scrapy.extensions.logstats.LogStats']
2023-09-13 16:15:48 [scrapy.middleware] INFO: Enabled downloader middlewares:
['scrapy.downloadermiddlewares.robotstxt.RobotsTxtMiddleware',
 'scrapy.downloadermiddlewares.httpauth.HttpAuthMiddleware',
 'scrapy.downloadermiddlewares.downloadtimeout.DownloadTimeoutMiddleware',
 'scrapy.downloadermiddlewares.defaultheaders.DefaultHeadersMiddleware',
 'scrapy.downloadermiddlewares.useragent.UserAgentMiddleware',
 'scrapy.downloadermiddlewares.retry.RetryMiddleware',
 'scrapy.downloadermiddlewares.redirect.MetaRefreshMiddleware',
 'scrapy.downloadermiddlewares.httpcompression.HttpCompressionMiddleware',
 'scrapy.downloadermiddlewares.redirect.RedirectMiddleware',
 'scrapy.downloadermiddlewares.cookies.CookiesMiddleware',
 'scrapy.downloadermiddlewares.httpproxy.HttpProxyMiddleware',
 'scrapy.downloadermiddlewares.stats.DownloaderStats']
2023-09-13 16:15:49 [scrapy.middleware] INFO: Enabled spider middlewares:
['scrapy.spidermiddlewares.httperror.HttpErrorMiddleware',
 'scrapy.spidermiddlewares.offsite.OffsiteMiddleware',
 'scrapy.spidermiddlewares.referer.RefererMiddleware',
 'scrapy.spidermiddlewares.urllength.UrlLengthMiddleware',
 'scrapy.spidermiddlewares.depth.DepthMiddleware']
2023-09-13 16:15:49 [scrapy.middleware] INFO: Enabled item pipelines:
['video_crawl.pipelines.VideoCrawlPipeline']
2023-09-13 16:15:49 [scrapy.core.engine] INFO: Spider opened
2023-09-13 16:15:49 [scrapy.extensions.logstats] INFO: Crawled 0 pages (at 0 pages/min), scraped 0 items (at 0 items/min)
2023-09-13 16:15:49 [scrapy.extensions.telnet] INFO: Telnet console listening on 127.0.0.1:6023
2023-09-13 16:15:50 [scrapy.core.engine] INFO: Closing spider (finished)
2023-09-13 16:15:50 [scrapy.statscollectors] INFO: Dumping Scrapy stats:
{'downloader/request_bytes': 486,
 'downloader/request_count': 2,
 'downloader/request_method_count/GET': 2,
 'downloader/response_bytes': 42052,
 'downloader/response_count': 2,
 'downloader/response_status_count/200': 2,
 'elapsed_time_seconds': 0.782885,
 'finish_reason': 'finished',
 'finish_time': datetime.datetime(2023, 9, 13, 9, 15, 50, 243479),
 'httpcompression/response_bytes': 113024,
 'httpcompression/response_count': 2,
 'log_count/INFO': 10,
 'memusage/max': 58290176,
 'memusage/startup': 58290176,
 'response_received_count': 2,
 'robotstxt/request_count': 1,
 'robotstxt/response_count': 1,
 'robotstxt/response_status_count/200': 1,
 'scheduler/dequeued': 1,
 'scheduler/dequeued/memory': 1,
 'scheduler/enqueued': 1,
 'scheduler/enqueued/memory': 1,
 'start_time': datetime.datetime(2023, 9, 13, 9, 15, 49, 460594)}
2023-09-13 16:15:50 [scrapy.core.engine] INFO: Spider closed (finished)
2023-09-13 16:18:08 [scrapy.utils.log] INFO: Scrapy 2.8.0 started (bot: video_crawl)
2023-09-13 16:18:08 [scrapy.utils.log] INFO: Versions: lxml 4.9.1.0, libxml2 2.9.14, cssselect 1.1.0, parsel 1.6.0, w3lib 1.21.0, Twisted 22.2.0, Python 3.10.9 (main, Mar  1 2023, 12:33:47) [Clang 14.0.6 ], pyOpenSSL 23.0.0 (OpenSSL 1.1.1t  7 Feb 2023), cryptography 39.0.1, Platform macOS-10.16-x86_64-i386-64bit
2023-09-13 16:18:08 [scrapy.crawler] INFO: Overridden settings:
{'BOT_NAME': 'video_crawl',
 'FEED_EXPORT_ENCODING': 'utf-8',
 'LOG_FILE': 'wiki.log',
 'LOG_LEVEL': 'INFO',
 'NEWSPIDER_MODULE': 'video_crawl.spiders',
 'REQUEST_FINGERPRINTER_IMPLEMENTATION': '2.7',
 'ROBOTSTXT_OBEY': True,
 'SPIDER_MODULES': ['video_crawl.spiders'],
 'TWISTED_REACTOR': 'twisted.internet.asyncioreactor.AsyncioSelectorReactor'}
2023-09-13 16:18:08 [scrapy.extensions.telnet] INFO: Telnet Password: 0eadc11f781e3879
2023-09-13 16:18:09 [scrapy.middleware] INFO: Enabled extensions:
['scrapy.extensions.corestats.CoreStats',
 'scrapy.extensions.telnet.TelnetConsole',
 'scrapy.extensions.memusage.MemoryUsage',
 'scrapy.extensions.logstats.LogStats']
2023-09-13 16:18:09 [scrapy.middleware] INFO: Enabled downloader middlewares:
['scrapy.downloadermiddlewares.robotstxt.RobotsTxtMiddleware',
 'scrapy.downloadermiddlewares.httpauth.HttpAuthMiddleware',
 'scrapy.downloadermiddlewares.downloadtimeout.DownloadTimeoutMiddleware',
 'scrapy.downloadermiddlewares.defaultheaders.DefaultHeadersMiddleware',
 'scrapy.downloadermiddlewares.useragent.UserAgentMiddleware',
 'scrapy.downloadermiddlewares.retry.RetryMiddleware',
 'scrapy.downloadermiddlewares.redirect.MetaRefreshMiddleware',
 'scrapy.downloadermiddlewares.httpcompression.HttpCompressionMiddleware',
 'scrapy.downloadermiddlewares.redirect.RedirectMiddleware',
 'scrapy.downloadermiddlewares.cookies.CookiesMiddleware',
 'scrapy.downloadermiddlewares.httpproxy.HttpProxyMiddleware',
 'scrapy.downloadermiddlewares.stats.DownloaderStats']
2023-09-13 16:18:09 [scrapy.middleware] INFO: Enabled spider middlewares:
['scrapy.spidermiddlewares.httperror.HttpErrorMiddleware',
 'scrapy.spidermiddlewares.offsite.OffsiteMiddleware',
 'scrapy.spidermiddlewares.referer.RefererMiddleware',
 'scrapy.spidermiddlewares.urllength.UrlLengthMiddleware',
 'scrapy.spidermiddlewares.depth.DepthMiddleware']
2023-09-13 16:18:09 [scrapy.middleware] INFO: Enabled item pipelines:
['video_crawl.pipelines.VideoCrawlPipeline']
2023-09-13 16:18:09 [scrapy.core.engine] INFO: Spider opened
2023-09-13 16:18:09 [scrapy.extensions.logstats] INFO: Crawled 0 pages (at 0 pages/min), scraped 0 items (at 0 items/min)
2023-09-13 16:18:09 [scrapy.extensions.telnet] INFO: Telnet console listening on 127.0.0.1:6023
2023-09-13 16:18:10 [scrapy.core.engine] INFO: Closing spider (finished)
2023-09-13 16:18:10 [scrapy.statscollectors] INFO: Dumping Scrapy stats:
{'downloader/request_bytes': 486,
 'downloader/request_count': 2,
 'downloader/request_method_count/GET': 2,
 'downloader/response_bytes': 56171,
 'downloader/response_count': 2,
 'downloader/response_status_count/200': 2,
 'elapsed_time_seconds': 0.889898,
 'finish_reason': 'finished',
 'finish_time': datetime.datetime(2023, 9, 13, 9, 18, 10, 495616),
 'httpcompression/response_bytes': 185020,
 'httpcompression/response_count': 2,
 'log_count/INFO': 10,
 'memusage/max': 59109376,
 'memusage/startup': 59109376,
 'response_received_count': 2,
 'robotstxt/request_count': 1,
 'robotstxt/response_count': 1,
 'robotstxt/response_status_count/200': 1,
 'scheduler/dequeued': 1,
 'scheduler/dequeued/memory': 1,
 'scheduler/enqueued': 1,
 'scheduler/enqueued/memory': 1,
 'start_time': datetime.datetime(2023, 9, 13, 9, 18, 9, 605718)}
2023-09-13 16:18:10 [scrapy.core.engine] INFO: Spider closed (finished)
2023-09-13 16:18:25 [scrapy.utils.log] INFO: Scrapy 2.8.0 started (bot: video_crawl)
2023-09-13 16:18:25 [scrapy.utils.log] INFO: Versions: lxml 4.9.1.0, libxml2 2.9.14, cssselect 1.1.0, parsel 1.6.0, w3lib 1.21.0, Twisted 22.2.0, Python 3.10.9 (main, Mar  1 2023, 12:33:47) [Clang 14.0.6 ], pyOpenSSL 23.0.0 (OpenSSL 1.1.1t  7 Feb 2023), cryptography 39.0.1, Platform macOS-10.16-x86_64-i386-64bit
2023-09-13 16:18:25 [scrapy.crawler] INFO: Overridden settings:
{'BOT_NAME': 'video_crawl',
 'FEED_EXPORT_ENCODING': 'utf-8',
 'LOG_FILE': 'wiki.log',
 'LOG_LEVEL': 'INFO',
 'NEWSPIDER_MODULE': 'video_crawl.spiders',
 'REQUEST_FINGERPRINTER_IMPLEMENTATION': '2.7',
 'ROBOTSTXT_OBEY': True,
 'SPIDER_MODULES': ['video_crawl.spiders'],
 'TWISTED_REACTOR': 'twisted.internet.asyncioreactor.AsyncioSelectorReactor'}
2023-09-13 16:18:26 [scrapy.extensions.telnet] INFO: Telnet Password: 5b1aeb61cca98136
2023-09-13 16:18:26 [scrapy.middleware] INFO: Enabled extensions:
['scrapy.extensions.corestats.CoreStats',
 'scrapy.extensions.telnet.TelnetConsole',
 'scrapy.extensions.memusage.MemoryUsage',
 'scrapy.extensions.logstats.LogStats']
2023-09-13 16:18:26 [scrapy.middleware] INFO: Enabled downloader middlewares:
['scrapy.downloadermiddlewares.robotstxt.RobotsTxtMiddleware',
 'scrapy.downloadermiddlewares.httpauth.HttpAuthMiddleware',
 'scrapy.downloadermiddlewares.downloadtimeout.DownloadTimeoutMiddleware',
 'scrapy.downloadermiddlewares.defaultheaders.DefaultHeadersMiddleware',
 'scrapy.downloadermiddlewares.useragent.UserAgentMiddleware',
 'scrapy.downloadermiddlewares.retry.RetryMiddleware',
 'scrapy.downloadermiddlewares.redirect.MetaRefreshMiddleware',
 'scrapy.downloadermiddlewares.httpcompression.HttpCompressionMiddleware',
 'scrapy.downloadermiddlewares.redirect.RedirectMiddleware',
 'scrapy.downloadermiddlewares.cookies.CookiesMiddleware',
 'scrapy.downloadermiddlewares.httpproxy.HttpProxyMiddleware',
 'scrapy.downloadermiddlewares.stats.DownloaderStats']
2023-09-13 16:18:26 [scrapy.middleware] INFO: Enabled spider middlewares:
['scrapy.spidermiddlewares.httperror.HttpErrorMiddleware',
 'scrapy.spidermiddlewares.offsite.OffsiteMiddleware',
 'scrapy.spidermiddlewares.referer.RefererMiddleware',
 'scrapy.spidermiddlewares.urllength.UrlLengthMiddleware',
 'scrapy.spidermiddlewares.depth.DepthMiddleware']
2023-09-13 16:18:26 [scrapy.middleware] INFO: Enabled item pipelines:
['video_crawl.pipelines.VideoCrawlPipeline']
2023-09-13 16:18:26 [scrapy.core.engine] INFO: Spider opened
2023-09-13 16:18:26 [scrapy.extensions.logstats] INFO: Crawled 0 pages (at 0 pages/min), scraped 0 items (at 0 items/min)
2023-09-13 16:18:26 [scrapy.extensions.telnet] INFO: Telnet console listening on 127.0.0.1:6023
2023-09-13 16:18:27 [scrapy.core.engine] INFO: Closing spider (finished)
2023-09-13 16:18:27 [scrapy.statscollectors] INFO: Dumping Scrapy stats:
{'downloader/request_bytes': 486,
 'downloader/request_count': 2,
 'downloader/request_method_count/GET': 2,
 'downloader/response_bytes': 56666,
 'downloader/response_count': 2,
 'downloader/response_status_count/200': 2,
 'elapsed_time_seconds': 0.809258,
 'finish_reason': 'finished',
 'finish_time': datetime.datetime(2023, 9, 13, 9, 18, 27, 474907),
 'httpcompression/response_bytes': 190067,
 'httpcompression/response_count': 2,
 'log_count/INFO': 10,
 'memusage/max': 59105280,
 'memusage/startup': 59105280,
 'response_received_count': 2,
 'robotstxt/request_count': 1,
 'robotstxt/response_count': 1,
 'robotstxt/response_status_count/200': 1,
 'scheduler/dequeued': 1,
 'scheduler/dequeued/memory': 1,
 'scheduler/enqueued': 1,
 'scheduler/enqueued/memory': 1,
 'start_time': datetime.datetime(2023, 9, 13, 9, 18, 26, 665649)}
2023-09-13 16:18:27 [scrapy.core.engine] INFO: Spider closed (finished)
